"../../../Engine/Content/EditorResources/EmptyActor.uasset" 0
"../../../Engine/Content/EditorResources/EmptyActor.uexp" 1
"../../../Engine/Content/EditorResources/LightIcons/S_LightError.uasset" 2
"../../../Engine/Content/EditorResources/LightIcons/S_LightError.uexp" 3
"C:/Users/Bualoi/Documents/Unreal Projects/EnCards/Template/Plugins/EncardBuilder/Content/space/Metadata.uasset" 4
"C:/Users/Bualoi/Documents/Unreal Projects/EnCards/Template/Plugins/EncardBuilder/Content/space/Metadata.uexp" 5
"../../../Engine/Content/MapTemplates/SM_Template_Map_Floor.uasset" 6
"../../../Engine/Content/MapTemplates/SM_Template_Map_Floor.uexp" 7
"../../../Engine/Content/EngineSky/T_Sky_Stars.uasset" 8
"../../../Engine/Content/EngineSky/T_Sky_Stars.uexp" 9
"../../../Engine/Content/EngineSky/T_Sky_Stars.ubulk" 10
"../../../Engine/Content/EngineSky/T_Sky_Clouds_M.uasset" 11
"../../../Engine/Content/EngineSky/T_Sky_Clouds_M.uexp" 12
"../../../Engine/Content/EngineSky/T_Sky_Clouds_M.ubulk" 13
"../../../Engine/Content/EngineSky/T_Sky_Blue.uasset" 14
"../../../Engine/Content/EngineSky/T_Sky_Blue.uexp" 15
"../../../Engine/Content/EngineSky/T_Sky_Blue.ubulk" 16
"../../../Engine/Content/EngineSky/M_Sky_Panning_Clouds2.uasset" 17
"../../../Engine/Content/EngineSky/M_Sky_Panning_Clouds2.uexp" 18
"../../../Engine/Content/EngineSky/SM_SkySphere.uasset" 19
"../../../Engine/Content/EngineSky/SM_SkySphere.uexp" 20
"../../../Engine/Content/EngineSky/C_Sky_Zenith_Color.uasset" 21
"../../../Engine/Content/EngineSky/C_Sky_Zenith_Color.uexp" 22
"../../../Engine/Content/EngineSky/C_Sky_Horizon_Color.uasset" 23
"../../../Engine/Content/EngineSky/C_Sky_Horizon_Color.uexp" 24
"../../../Engine/Content/EngineSky/C_Sky_Cloud_Color.uasset" 25
"../../../Engine/Content/EngineSky/C_Sky_Cloud_Color.uexp" 26
"../../../Engine/Content/EngineSky/BP_Sky_Sphere.uasset" 27
"../../../Engine/Content/EngineSky/BP_Sky_Sphere.uexp" 28
"../../../Engine/Content/BasicShapes/BasicShapeMaterial.uasset" 29
"../../../Engine/Content/BasicShapes/BasicShapeMaterial.uexp" 30
"C:/Users/Bualoi/Documents/Unreal Projects/EnCards/Template/Plugins/EncardBuilder/Content/space/test_map2_BuiltData.uasset" 31
"C:/Users/Bualoi/Documents/Unreal Projects/EnCards/Template/Plugins/EncardBuilder/Content/space/test_map2_BuiltData.uexp" 32
"C:/Users/Bualoi/Documents/Unreal Projects/EnCards/Template/Plugins/EncardBuilder/Content/space/test_map2_BuiltData.ubulk" 33
"C:/Users/Bualoi/Documents/Unreal Projects/EnCards/Template/Plugins/EncardBuilder/Content/space/test_map2.uexp" 34
"C:/Users/Bualoi/Documents/Unreal Projects/EnCards/Template/Plugins/EncardBuilder/Content/space/test_map2.umap" 35
